{"/Users/jojo/Desktop/TMA/client/src/App.jsx": {"path":"/Users/jojo/Desktop/TMA/client/src/App.jsx","statementMap":{"0":{"start":{"line":5,"column":2},"end":{"line":5,"column":44}}},"fnMap":{"0":{"name":"App","decl":{"start":{"line":4,"column":9},"end":{"line":4,"column":12}},"loc":{"start":{"line":4,"column":15},"end":{"line":6,"column":1}},"line":4}},"branchMap":{},"s":{"0":0},"f":{"0":0},"b":{}}
,"/Users/jojo/Desktop/TMA/client/src/main.jsx": {"path":"/Users/jojo/Desktop/TMA/client/src/main.jsx","statementMap":{"0":{"start":{"line":7,"column":20},"end":{"line":7,"column":37}},"1":{"start":{"line":9,"column":0},"end":{"line":15,"column":2}}},"fnMap":{},"branchMap":{},"s":{"0":0,"1":0},"f":{},"b":{}}
,"/Users/jojo/Desktop/TMA/client/src/api/players.js": {"path":"/Users/jojo/Desktop/TMA/client/src/api/players.js","statementMap":{"0":{"start":{"line":4,"column":13},"end":{"line":4,"column":36}},"1":{"start":{"line":6,"column":28},"end":{"line":9,"column":1}},"2":{"start":{"line":7,"column":19},"end":{"line":7,"column":69}},"3":{"start":{"line":8,"column":2},"end":{"line":8,"column":23}},"4":{"start":{"line":11,"column":25},"end":{"line":17,"column":1}},"5":{"start":{"line":12,"column":19},"end":{"line":15,"column":3}},"6":{"start":{"line":16,"column":2},"end":{"line":16,"column":23}},"7":{"start":{"line":19,"column":28},"end":{"line":25,"column":1}},"8":{"start":{"line":20,"column":19},"end":{"line":23,"column":3}},"9":{"start":{"line":24,"column":2},"end":{"line":24,"column":23}},"10":{"start":{"line":27,"column":28},"end":{"line":29,"column":1}},"11":{"start":{"line":28,"column":2},"end":{"line":28,"column":52}}},"fnMap":{"0":{"name":"(anonymous_0)","decl":{"start":{"line":6,"column":28},"end":{"line":6,"column":29}},"loc":{"start":{"line":6,"column":46},"end":{"line":9,"column":1}},"line":6},"1":{"name":"(anonymous_1)","decl":{"start":{"line":11,"column":25},"end":{"line":11,"column":26}},"loc":{"start":{"line":11,"column":54},"end":{"line":17,"column":1}},"line":11},"2":{"name":"(anonymous_2)","decl":{"start":{"line":19,"column":28},"end":{"line":19,"column":29}},"loc":{"start":{"line":19,"column":67},"end":{"line":25,"column":1}},"line":19},"3":{"name":"(anonymous_3)","decl":{"start":{"line":27,"column":28},"end":{"line":27,"column":29}},"loc":{"start":{"line":27,"column":48},"end":{"line":29,"column":1}},"line":27}},"branchMap":{},"s":{"0":0,"1":0,"2":0,"3":0,"4":0,"5":0,"6":0,"7":0,"8":0,"9":0,"10":0,"11":0},"f":{"0":0,"1":0,"2":0,"3":0},"b":{}}
,"/Users/jojo/Desktop/TMA/client/src/api/teams.js": {"path":"/Users/jojo/Desktop/TMA/client/src/api/teams.js","statementMap":{"0":{"start":{"line":3,"column":13},"end":{"line":3,"column":36}},"1":{"start":{"line":5,"column":26},"end":{"line":8,"column":1}},"2":{"start":{"line":6,"column":19},"end":{"line":6,"column":51}},"3":{"start":{"line":7,"column":2},"end":{"line":7,"column":23}},"4":{"start":{"line":10,"column":23},"end":{"line":13,"column":1}},"5":{"start":{"line":11,"column":19},"end":{"line":11,"column":61}},"6":{"start":{"line":12,"column":2},"end":{"line":12,"column":23}},"7":{"start":{"line":15,"column":26},"end":{"line":18,"column":1}},"8":{"start":{"line":16,"column":19},"end":{"line":16,"column":72}},"9":{"start":{"line":17,"column":2},"end":{"line":17,"column":23}},"10":{"start":{"line":20,"column":26},"end":{"line":22,"column":1}},"11":{"start":{"line":21,"column":2},"end":{"line":21,"column":44}}},"fnMap":{"0":{"name":"(anonymous_0)","decl":{"start":{"line":5,"column":26},"end":{"line":5,"column":27}},"loc":{"start":{"line":5,"column":38},"end":{"line":8,"column":1}},"line":5},"1":{"name":"(anonymous_1)","decl":{"start":{"line":10,"column":23},"end":{"line":10,"column":24}},"loc":{"start":{"line":10,"column":42},"end":{"line":13,"column":1}},"line":10},"2":{"name":"(anonymous_2)","decl":{"start":{"line":15,"column":26},"end":{"line":15,"column":27}},"loc":{"start":{"line":15,"column":55},"end":{"line":18,"column":1}},"line":15},"3":{"name":"(anonymous_3)","decl":{"start":{"line":20,"column":26},"end":{"line":20,"column":27}},"loc":{"start":{"line":20,"column":40},"end":{"line":22,"column":1}},"line":20}},"branchMap":{},"s":{"0":0,"1":0,"2":0,"3":0,"4":0,"5":0,"6":0,"7":0,"8":0,"9":0,"10":0,"11":0},"f":{"0":0,"1":0,"2":0,"3":0},"b":{}}
,"/Users/jojo/Desktop/TMA/client/src/components/DeleteDialog/DeleteConfirmDialog.jsx": {"path":"/Users/jojo/Desktop/TMA/client/src/components/DeleteDialog/DeleteConfirmDialog.jsx","statementMap":{"0":{"start":{"line":11,"column":28},"end":{"line":56,"column":1}},"1":{"start":{"line":12,"column":30},"end":{"line":17,"column":3}},"2":{"start":{"line":13,"column":4},"end":{"line":16,"column":5}},"3":{"start":{"line":14,"column":6},"end":{"line":14,"column":35}},"4":{"start":{"line":15,"column":6},"end":{"line":15,"column":20}},"5":{"start":{"line":19,"column":2},"end":{"line":55,"column":4}}},"fnMap":{"0":{"name":"(anonymous_0)","decl":{"start":{"line":11,"column":28},"end":{"line":11,"column":29}},"loc":{"start":{"line":11,"column":79},"end":{"line":56,"column":1}},"line":11},"1":{"name":"(anonymous_1)","decl":{"start":{"line":12,"column":30},"end":{"line":12,"column":31}},"loc":{"start":{"line":12,"column":42},"end":{"line":17,"column":3}},"line":12}},"branchMap":{"0":{"loc":{"start":{"line":13,"column":4},"end":{"line":16,"column":5}},"type":"if","locations":[{"start":{"line":13,"column":4},"end":{"line":16,"column":5}},{"start":{},"end":{}}],"line":13}},"s":{"0":1,"1":23,"2":1,"3":1,"4":1,"5":23},"f":{"0":23,"1":1},"b":{"0":[1,0]},"_coverageSchema":"1a1c01bbd47fc00a2c39e90264f33305004495a9","hash":"2a020ee36502b6e94d30f97e668f1d5b73f67980"}
,"/Users/jojo/Desktop/TMA/client/src/components/EditDialog/EditTeamDialog.jsx": {"path":"/Users/jojo/Desktop/TMA/client/src/components/EditDialog/EditTeamDialog.jsx","statementMap":{"0":{"start":{"line":12,"column":23},"end":{"line":121,"column":1}},"1":{"start":{"line":20,"column":23},"end":{"line":25,"column":3}},"2":{"start":{"line":21,"column":4},"end":{"line":24,"column":7}},"3":{"start":{"line":28,"column":27},"end":{"line":37,"column":3}},"4":{"start":{"line":29,"column":4},"end":{"line":36,"column":5}},"5":{"start":{"line":31,"column":6},"end":{"line":34,"column":9}},"6":{"start":{"line":35,"column":6},"end":{"line":35,"column":20}},"7":{"start":{"line":39,"column":2},"end":{"line":120,"column":4}}},"fnMap":{"0":{"name":"(anonymous_0)","decl":{"start":{"line":12,"column":23},"end":{"line":12,"column":24}},"loc":{"start":{"line":18,"column":6},"end":{"line":121,"column":1}},"line":18},"1":{"name":"(anonymous_1)","decl":{"start":{"line":20,"column":23},"end":{"line":20,"column":24}},"loc":{"start":{"line":20,"column":30},"end":{"line":25,"column":3}},"line":20},"2":{"name":"(anonymous_2)","decl":{"start":{"line":28,"column":27},"end":{"line":28,"column":28}},"loc":{"start":{"line":28,"column":39},"end":{"line":37,"column":3}},"line":28}},"branchMap":{"0":{"loc":{"start":{"line":29,"column":4},"end":{"line":36,"column":5}},"type":"if","locations":[{"start":{"line":29,"column":4},"end":{"line":36,"column":5}},{"start":{},"end":{}}],"line":29},"1":{"loc":{"start":{"line":65,"column":17},"end":{"line":65,"column":36}},"type":"binary-expr","locations":[{"start":{"line":65,"column":17},"end":{"line":65,"column":30}},{"start":{"line":65,"column":34},"end":{"line":65,"column":36}}],"line":65},"2":{"loc":{"start":{"line":86,"column":17},"end":{"line":86,"column":35}},"type":"binary-expr","locations":[{"start":{"line":86,"column":17},"end":{"line":86,"column":29}},{"start":{"line":86,"column":33},"end":{"line":86,"column":35}}],"line":86}},"s":{"0":1,"1":23,"2":9,"3":23,"4":1,"5":1,"6":1,"7":23},"f":{"0":23,"1":9,"2":1},"b":{"0":[1,0],"1":[23,11],"2":[23,10]},"_coverageSchema":"1a1c01bbd47fc00a2c39e90264f33305004495a9","hash":"ab494fe4d2c0c30c726b7dab3c0e74e8fffe3921"}
,"/Users/jojo/Desktop/TMA/client/src/components/PlayerTable/AddPlayerButton.jsx": {"path":"/Users/jojo/Desktop/TMA/client/src/components/PlayerTable/AddPlayerButton.jsx","statementMap":{"0":{"start":{"line":19,"column":24},"end":{"line":222,"column":1}},"1":{"start":{"line":20,"column":26},"end":{"line":20,"column":41}},"2":{"start":{"line":21,"column":38},"end":{"line":21,"column":50}},"3":{"start":{"line":22,"column":34},"end":{"line":22,"column":46}},"4":{"start":{"line":23,"column":30},"end":{"line":23,"column":42}},"5":{"start":{"line":24,"column":32},"end":{"line":24,"column":47}},"6":{"start":{"line":27,"column":20},"end":{"line":38,"column":3}},"7":{"start":{"line":41,"column":21},"end":{"line":41,"column":40}},"8":{"start":{"line":41,"column":27},"end":{"line":41,"column":40}},"9":{"start":{"line":44,"column":22},"end":{"line":51,"column":3}},"10":{"start":{"line":45,"column":4},"end":{"line":50,"column":5}},"11":{"start":{"line":46,"column":6},"end":{"line":46,"column":21}},"12":{"start":{"line":47,"column":6},"end":{"line":47,"column":24}},"13":{"start":{"line":48,"column":6},"end":{"line":48,"column":22}},"14":{"start":{"line":49,"column":6},"end":{"line":49,"column":20}},"15":{"start":{"line":54,"column":26},"end":{"line":70,"column":3}},"16":{"start":{"line":55,"column":4},"end":{"line":55,"column":59}},"17":{"start":{"line":55,"column":52},"end":{"line":55,"column":59}},"18":{"start":{"line":57,"column":4},"end":{"line":57,"column":21}},"19":{"start":{"line":58,"column":4},"end":{"line":69,"column":5}},"20":{"start":{"line":59,"column":6},"end":{"line":63,"column":9}},"21":{"start":{"line":64,"column":6},"end":{"line":64,"column":20}},"22":{"start":{"line":66,"column":6},"end":{"line":66,"column":51}},"23":{"start":{"line":68,"column":6},"end":{"line":68,"column":24}},"24":{"start":{"line":72,"column":2},"end":{"line":221,"column":4}},"25":{"start":{"line":121,"column":29},"end":{"line":121,"column":58}},"26":{"start":{"line":143,"column":31},"end":{"line":143,"column":58}},"27":{"start":{"line":158,"column":16},"end":{"line":160,"column":27}},"28":{"start":{"line":175,"column":31},"end":{"line":175,"column":56}}},"fnMap":{"0":{"name":"(anonymous_0)","decl":{"start":{"line":19,"column":24},"end":{"line":19,"column":25}},"loc":{"start":{"line":19,"column":53},"end":{"line":222,"column":1}},"line":19},"1":{"name":"(anonymous_1)","decl":{"start":{"line":41,"column":21},"end":{"line":41,"column":22}},"loc":{"start":{"line":41,"column":27},"end":{"line":41,"column":40}},"line":41},"2":{"name":"(anonymous_2)","decl":{"start":{"line":44,"column":22},"end":{"line":44,"column":23}},"loc":{"start":{"line":44,"column":28},"end":{"line":51,"column":3}},"line":44},"3":{"name":"(anonymous_3)","decl":{"start":{"line":54,"column":26},"end":{"line":54,"column":27}},"loc":{"start":{"line":54,"column":38},"end":{"line":70,"column":3}},"line":54},"4":{"name":"(anonymous_4)","decl":{"start":{"line":121,"column":22},"end":{"line":121,"column":23}},"loc":{"start":{"line":121,"column":29},"end":{"line":121,"column":58}},"line":121},"5":{"name":"(anonymous_5)","decl":{"start":{"line":143,"column":24},"end":{"line":143,"column":25}},"loc":{"start":{"line":143,"column":31},"end":{"line":143,"column":58}},"line":143},"6":{"name":"(anonymous_6)","decl":{"start":{"line":157,"column":29},"end":{"line":157,"column":30}},"loc":{"start":{"line":158,"column":16},"end":{"line":160,"column":27}},"line":158},"7":{"name":"(anonymous_7)","decl":{"start":{"line":175,"column":24},"end":{"line":175,"column":25}},"loc":{"start":{"line":175,"column":31},"end":{"line":175,"column":56}},"line":175}},"branchMap":{"0":{"loc":{"start":{"line":45,"column":4},"end":{"line":50,"column":5}},"type":"if","locations":[{"start":{"line":45,"column":4},"end":{"line":50,"column":5}},{"start":{},"end":{}}],"line":45},"1":{"loc":{"start":{"line":55,"column":4},"end":{"line":55,"column":59}},"type":"if","locations":[{"start":{"line":55,"column":4},"end":{"line":55,"column":59}},{"start":{},"end":{}}],"line":55},"2":{"loc":{"start":{"line":55,"column":8},"end":{"line":55,"column":50}},"type":"binary-expr","locations":[{"start":{"line":55,"column":8},"end":{"line":55,"column":26}},{"start":{"line":55,"column":30},"end":{"line":55,"column":39}},{"start":{"line":55,"column":43},"end":{"line":55,"column":50}}],"line":55},"3":{"loc":{"start":{"line":96,"column":17},"end":{"line":96,"column":51}},"type":"cond-expr","locations":[{"start":{"line":96,"column":28},"end":{"line":96,"column":39}},{"start":{"line":96,"column":42},"end":{"line":96,"column":51}}],"line":96},"4":{"loc":{"start":{"line":196,"column":21},"end":{"line":196,"column":55}},"type":"cond-expr","locations":[{"start":{"line":196,"column":32},"end":{"line":196,"column":43}},{"start":{"line":196,"column":46},"end":{"line":196,"column":55}}],"line":196}},"s":{"0":0,"1":0,"2":0,"3":0,"4":0,"5":0,"6":0,"7":0,"8":0,"9":0,"10":0,"11":0,"12":0,"13":0,"14":0,"15":0,"16":0,"17":0,"18":0,"19":0,"20":0,"21":0,"22":0,"23":0,"24":0,"25":0,"26":0,"27":0,"28":0},"f":{"0":0,"1":0,"2":0,"3":0,"4":0,"5":0,"6":0,"7":0},"b":{"0":[0,0],"1":[0,0],"2":[0,0,0],"3":[0,0],"4":[0,0]}}
,"/Users/jojo/Desktop/TMA/client/src/components/PlayerTable/DeletePlayerDialog.jsx": {"path":"/Users/jojo/Desktop/TMA/client/src/components/PlayerTable/DeletePlayerDialog.jsx","statementMap":{"0":{"start":{"line":13,"column":27},"end":{"line":87,"column":1}},"1":{"start":{"line":19,"column":32},"end":{"line":19,"column":47}},"2":{"start":{"line":21,"column":30},"end":{"line":28,"column":3}},"3":{"start":{"line":22,"column":4},"end":{"line":27,"column":5}},"4":{"start":{"line":23,"column":6},"end":{"line":23,"column":23}},"5":{"start":{"line":24,"column":6},"end":{"line":24,"column":37}},"6":{"start":{"line":25,"column":6},"end":{"line":25,"column":24}},"7":{"start":{"line":26,"column":6},"end":{"line":26,"column":20}},"8":{"start":{"line":30,"column":2},"end":{"line":86,"column":4}}},"fnMap":{"0":{"name":"(anonymous_0)","decl":{"start":{"line":13,"column":27},"end":{"line":13,"column":28}},"loc":{"start":{"line":18,"column":6},"end":{"line":87,"column":1}},"line":18},"1":{"name":"(anonymous_1)","decl":{"start":{"line":21,"column":30},"end":{"line":21,"column":31}},"loc":{"start":{"line":21,"column":42},"end":{"line":28,"column":3}},"line":21}},"branchMap":{"0":{"loc":{"start":{"line":22,"column":4},"end":{"line":27,"column":5}},"type":"if","locations":[{"start":{"line":22,"column":4},"end":{"line":27,"column":5}},{"start":{},"end":{}}],"line":22},"1":{"loc":{"start":{"line":78,"column":11},"end":{"line":82,"column":11}},"type":"cond-expr","locations":[{"start":{"line":79,"column":12},"end":{"line":79,"column":20}},{"start":{"line":81,"column":12},"end":{"line":81,"column":64}}],"line":78}},"s":{"0":0,"1":0,"2":0,"3":0,"4":0,"5":0,"6":0,"7":0,"8":0},"f":{"0":0,"1":0},"b":{"0":[0,0],"1":[0,0]}}
,"/Users/jojo/Desktop/TMA/client/src/components/PlayerTable/EditPlayerDialog.jsx": {"path":"/Users/jojo/Desktop/TMA/client/src/components/PlayerTable/EditPlayerDialog.jsx","statementMap":{"0":{"start":{"line":15,"column":25},"end":{"line":164,"column":1}},"1":{"start":{"line":23,"column":20},"end":{"line":34,"column":3}},"2":{"start":{"line":36,"column":29},"end":{"line":41,"column":3}},"3":{"start":{"line":37,"column":4},"end":{"line":40,"column":5}},"4":{"start":{"line":38,"column":6},"end":{"line":38,"column":48}},"5":{"start":{"line":39,"column":6},"end":{"line":39,"column":20}},"6":{"start":{"line":43,"column":2},"end":{"line":163,"column":4}},"7":{"start":{"line":69,"column":12},"end":{"line":69,"column":66}},"8":{"start":{"line":93,"column":14},"end":{"line":93,"column":72}},"9":{"start":{"line":109,"column":14},"end":{"line":111,"column":25}},"10":{"start":{"line":127,"column":14},"end":{"line":127,"column":70}}},"fnMap":{"0":{"name":"(anonymous_0)","decl":{"start":{"line":15,"column":25},"end":{"line":15,"column":26}},"loc":{"start":{"line":21,"column":6},"end":{"line":164,"column":1}},"line":21},"1":{"name":"(anonymous_1)","decl":{"start":{"line":36,"column":29},"end":{"line":36,"column":30}},"loc":{"start":{"line":36,"column":41},"end":{"line":41,"column":3}},"line":36},"2":{"name":"(anonymous_2)","decl":{"start":{"line":68,"column":20},"end":{"line":68,"column":21}},"loc":{"start":{"line":69,"column":12},"end":{"line":69,"column":66}},"line":69},"3":{"name":"(anonymous_3)","decl":{"start":{"line":92,"column":22},"end":{"line":92,"column":23}},"loc":{"start":{"line":93,"column":14},"end":{"line":93,"column":72}},"line":93},"4":{"name":"(anonymous_4)","decl":{"start":{"line":108,"column":27},"end":{"line":108,"column":28}},"loc":{"start":{"line":109,"column":14},"end":{"line":111,"column":25}},"line":109},"5":{"name":"(anonymous_5)","decl":{"start":{"line":126,"column":22},"end":{"line":126,"column":23}},"loc":{"start":{"line":127,"column":14},"end":{"line":127,"column":70}},"line":127}},"branchMap":{"0":{"loc":{"start":{"line":37,"column":4},"end":{"line":40,"column":5}},"type":"if","locations":[{"start":{"line":37,"column":4},"end":{"line":40,"column":5}},{"start":{},"end":{}}],"line":37}},"s":{"0":0,"1":0,"2":0,"3":0,"4":0,"5":0,"6":0,"7":0,"8":0,"9":0,"10":0},"f":{"0":0,"1":0,"2":0,"3":0,"4":0,"5":0},"b":{"0":[0,0]}}
,"/Users/jojo/Desktop/TMA/client/src/components/PlayerTable/PlayersTable.jsx": {"path":"/Users/jojo/Desktop/TMA/client/src/components/PlayerTable/PlayersTable.jsx","statementMap":{"0":{"start":{"line":16,"column":21},"end":{"line":112,"column":1}},"1":{"start":{"line":17,"column":2},"end":{"line":111,"column":4}},"2":{"start":{"line":67,"column":14},"end":{"line":99,"column":25}},"3":{"start":{"line":90,"column":35},"end":{"line":90,"column":49}},"4":{"start":{"line":95,"column":59},"end":{"line":95,"column":78}}},"fnMap":{"0":{"name":"(anonymous_0)","decl":{"start":{"line":16,"column":21},"end":{"line":16,"column":22}},"loc":{"start":{"line":16,"column":56},"end":{"line":112,"column":1}},"line":16},"1":{"name":"(anonymous_1)","decl":{"start":{"line":66,"column":24},"end":{"line":66,"column":25}},"loc":{"start":{"line":67,"column":14},"end":{"line":99,"column":25}},"line":67},"2":{"name":"(anonymous_2)","decl":{"start":{"line":90,"column":29},"end":{"line":90,"column":30}},"loc":{"start":{"line":90,"column":35},"end":{"line":90,"column":49}},"line":90},"3":{"name":"(anonymous_3)","decl":{"start":{"line":95,"column":53},"end":{"line":95,"column":54}},"loc":{"start":{"line":95,"column":59},"end":{"line":95,"column":78}},"line":95}},"branchMap":{"0":{"loc":{"start":{"line":65,"column":11},"end":{"line":107,"column":11}},"type":"cond-expr","locations":[{"start":{"line":66,"column":12},"end":{"line":100,"column":14}},{"start":{"line":102,"column":12},"end":{"line":106,"column":23}}],"line":65}},"s":{"0":0,"1":0,"2":0,"3":0,"4":0},"f":{"0":0,"1":0,"2":0,"3":0},"b":{"0":[0,0]}}
,"/Users/jojo/Desktop/TMA/client/src/components/TeamTable/AddTeamButton.jsx": {"path":"/Users/jojo/Desktop/TMA/client/src/components/TeamTable/AddTeamButton.jsx","statementMap":{"0":{"start":{"line":15,"column":22},"end":{"line":147,"column":1}},"1":{"start":{"line":16,"column":15},"end":{"line":16,"column":38}},"2":{"start":{"line":17,"column":26},"end":{"line":17,"column":41}},"3":{"start":{"line":18,"column":40},"end":{"line":18,"column":52}},"4":{"start":{"line":19,"column":38},"end":{"line":19,"column":50}},"5":{"start":{"line":21,"column":22},"end":{"line":21,"column":38}},"6":{"start":{"line":24,"column":26},"end":{"line":36,"column":4}},"7":{"start":{"line":26,"column":23},"end":{"line":29,"column":8}},"8":{"start":{"line":30,"column":6},"end":{"line":30,"column":27}},"9":{"start":{"line":33,"column":6},"end":{"line":33,"column":47}},"10":{"start":{"line":34,"column":6},"end":{"line":34,"column":20}},"11":{"start":{"line":39,"column":21},"end":{"line":39,"column":40}},"12":{"start":{"line":39,"column":27},"end":{"line":39,"column":40}},"13":{"start":{"line":42,"column":22},"end":{"line":46,"column":3}},"14":{"start":{"line":43,"column":4},"end":{"line":43,"column":19}},"15":{"start":{"line":44,"column":4},"end":{"line":44,"column":23}},"16":{"start":{"line":45,"column":4},"end":{"line":45,"column":22}},"17":{"start":{"line":49,"column":24},"end":{"line":52,"column":3}},"18":{"start":{"line":50,"column":4},"end":{"line":50,"column":36}},"19":{"start":{"line":50,"column":29},"end":{"line":50,"column":36}},"20":{"start":{"line":51,"column":4},"end":{"line":51,"column":71}},"21":{"start":{"line":54,"column":2},"end":{"line":146,"column":4}},"22":{"start":{"line":95,"column":29},"end":{"line":95,"column":59}},"23":{"start":{"line":114,"column":29},"end":{"line":114,"column":58}}},"fnMap":{"0":{"name":"(anonymous_0)","decl":{"start":{"line":15,"column":22},"end":{"line":15,"column":23}},"loc":{"start":{"line":15,"column":43},"end":{"line":147,"column":1}},"line":15},"1":{"name":"(anonymous_1)","decl":{"start":{"line":25,"column":16},"end":{"line":25,"column":17}},"loc":{"start":{"line":25,"column":45},"end":{"line":31,"column":5}},"line":25},"2":{"name":"(anonymous_2)","decl":{"start":{"line":32,"column":15},"end":{"line":32,"column":16}},"loc":{"start":{"line":32,"column":21},"end":{"line":35,"column":5}},"line":32},"3":{"name":"(anonymous_3)","decl":{"start":{"line":39,"column":21},"end":{"line":39,"column":22}},"loc":{"start":{"line":39,"column":27},"end":{"line":39,"column":40}},"line":39},"4":{"name":"(anonymous_4)","decl":{"start":{"line":42,"column":22},"end":{"line":42,"column":23}},"loc":{"start":{"line":42,"column":28},"end":{"line":46,"column":3}},"line":42},"5":{"name":"(anonymous_5)","decl":{"start":{"line":49,"column":24},"end":{"line":49,"column":25}},"loc":{"start":{"line":49,"column":30},"end":{"line":52,"column":3}},"line":49},"6":{"name":"(anonymous_6)","decl":{"start":{"line":95,"column":22},"end":{"line":95,"column":23}},"loc":{"start":{"line":95,"column":29},"end":{"line":95,"column":59}},"line":95},"7":{"name":"(anonymous_7)","decl":{"start":{"line":114,"column":22},"end":{"line":114,"column":23}},"loc":{"start":{"line":114,"column":29},"end":{"line":114,"column":58}},"line":114}},"branchMap":{"0":{"loc":{"start":{"line":50,"column":4},"end":{"line":50,"column":36}},"type":"if","locations":[{"start":{"line":50,"column":4},"end":{"line":50,"column":36}},{"start":{},"end":{}}],"line":50},"1":{"loc":{"start":{"line":141,"column":13},"end":{"line":141,"column":63}},"type":"cond-expr","locations":[{"start":{"line":141,"column":41},"end":{"line":141,"column":52}},{"start":{"line":141,"column":55},"end":{"line":141,"column":63}}],"line":141}},"s":{"0":1,"1":11,"2":11,"3":11,"4":11,"5":11,"6":11,"7":0,"8":0,"9":0,"10":0,"11":11,"12":1,"13":11,"14":0,"15":0,"16":0,"17":11,"18":1,"19":0,"20":1,"21":11,"22":8,"23":1},"f":{"0":11,"1":0,"2":0,"3":1,"4":0,"5":1,"6":8,"7":1},"b":{"0":[0,1],"1":[0,11]},"_coverageSchema":"1a1c01bbd47fc00a2c39e90264f33305004495a9","hash":"f49574eba34ea20b896981c526d17a768a729952"}
,"/Users/jojo/Desktop/TMA/client/src/components/TeamTable/TeamTable.jsx": {"path":"/Users/jojo/Desktop/TMA/client/src/components/TeamTable/TeamTable.jsx","statementMap":{"0":{"start":{"line":18,"column":18},"end":{"line":137,"column":1}},"1":{"start":{"line":19,"column":40},"end":{"line":19,"column":55}},"2":{"start":{"line":20,"column":42},"end":{"line":20,"column":56}},"3":{"start":{"line":21,"column":34},"end":{"line":21,"column":49}},"4":{"start":{"line":22,"column":34},"end":{"line":22,"column":64}},"5":{"start":{"line":25,"column":25},"end":{"line":28,"column":3}},"6":{"start":{"line":26,"column":4},"end":{"line":26,"column":22}},"7":{"start":{"line":27,"column":4},"end":{"line":27,"column":22}},"8":{"start":{"line":30,"column":2},"end":{"line":136,"column":4}},"9":{"start":{"line":67,"column":14},"end":{"line":111,"column":25}},"10":{"start":{"line":88,"column":35},"end":{"line":88,"column":50}},"11":{"start":{"line":95,"column":35},"end":{"line":95,"column":55}},"12":{"start":{"line":103,"column":22},"end":{"line":103,"column":47}},"13":{"start":{"line":104,"column":22},"end":{"line":104,"column":43}},"14":{"start":{"line":120,"column":27},"end":{"line":120,"column":45}},"15":{"start":{"line":130,"column":27},"end":{"line":130,"column":48}}},"fnMap":{"0":{"name":"(anonymous_0)","decl":{"start":{"line":18,"column":18},"end":{"line":18,"column":19}},"loc":{"start":{"line":18,"column":61},"end":{"line":137,"column":1}},"line":18},"1":{"name":"(anonymous_1)","decl":{"start":{"line":25,"column":25},"end":{"line":25,"column":26}},"loc":{"start":{"line":25,"column":35},"end":{"line":28,"column":3}},"line":25},"2":{"name":"(anonymous_2)","decl":{"start":{"line":66,"column":23},"end":{"line":66,"column":24}},"loc":{"start":{"line":67,"column":14},"end":{"line":111,"column":25}},"line":67},"3":{"name":"(anonymous_3)","decl":{"start":{"line":88,"column":29},"end":{"line":88,"column":30}},"loc":{"start":{"line":88,"column":35},"end":{"line":88,"column":50}},"line":88},"4":{"name":"(anonymous_4)","decl":{"start":{"line":95,"column":29},"end":{"line":95,"column":30}},"loc":{"start":{"line":95,"column":35},"end":{"line":95,"column":55}},"line":95},"5":{"name":"(anonymous_5)","decl":{"start":{"line":102,"column":29},"end":{"line":102,"column":30}},"loc":{"start":{"line":102,"column":35},"end":{"line":105,"column":21}},"line":102},"6":{"name":"(anonymous_6)","decl":{"start":{"line":120,"column":21},"end":{"line":120,"column":22}},"loc":{"start":{"line":120,"column":27},"end":{"line":120,"column":45}},"line":120},"7":{"name":"(anonymous_7)","decl":{"start":{"line":130,"column":21},"end":{"line":130,"column":22}},"loc":{"start":{"line":130,"column":27},"end":{"line":130,"column":48}},"line":130}},"branchMap":{"0":{"loc":{"start":{"line":82,"column":19},"end":{"line":82,"column":36}},"type":"binary-expr","locations":[{"start":{"line":82,"column":19},"end":{"line":82,"column":27}},{"start":{"line":82,"column":31},"end":{"line":82,"column":36}}],"line":82}},"s":{"0":2,"1":33,"2":33,"3":33,"4":33,"5":33,"6":5,"7":5,"8":33,"9":66,"10":2,"11":5,"12":4,"13":4,"14":1,"15":1},"f":{"0":33,"1":5,"2":66,"3":2,"4":5,"5":4,"6":1,"7":1},"b":{"0":[66,0]},"_coverageSchema":"1a1c01bbd47fc00a2c39e90264f33305004495a9","hash":"334a60eac0f96d9399d1c28690b3f1546d764738"}
,"/Users/jojo/Desktop/TMA/client/src/hooks/useTeamName.js": {"path":"/Users/jojo/Desktop/TMA/client/src/hooks/useTeamName.js","statementMap":{"0":{"start":{"line":5,"column":18},"end":{"line":8,"column":1}},"1":{"start":{"line":6,"column":19},"end":{"line":6,"column":75}},"2":{"start":{"line":7,"column":2},"end":{"line":7,"column":23}},"3":{"start":{"line":11,"column":27},"end":{"line":23,"column":1}},"4":{"start":{"line":12,"column":39},"end":{"line":16,"column":4}},"5":{"start":{"line":14,"column":19},"end":{"line":14,"column":36}},"6":{"start":{"line":18,"column":2},"end":{"line":22,"column":4}}},"fnMap":{"0":{"name":"(anonymous_0)","decl":{"start":{"line":5,"column":18},"end":{"line":5,"column":19}},"loc":{"start":{"line":5,"column":36},"end":{"line":8,"column":1}},"line":5},"1":{"name":"(anonymous_1)","decl":{"start":{"line":11,"column":27},"end":{"line":11,"column":28}},"loc":{"start":{"line":11,"column":52},"end":{"line":23,"column":1}},"line":11},"2":{"name":"(anonymous_2)","decl":{"start":{"line":14,"column":13},"end":{"line":14,"column":14}},"loc":{"start":{"line":14,"column":19},"end":{"line":14,"column":36}},"line":14}},"branchMap":{"0":{"loc":{"start":{"line":19,"column":14},"end":{"line":19,"column":62}},"type":"binary-expr","locations":[{"start":{"line":19,"column":14},"end":{"line":19,"column":25}},{"start":{"line":19,"column":30},"end":{"line":19,"column":61}}],"line":19},"1":{"loc":{"start":{"line":19,"column":30},"end":{"line":19,"column":61}},"type":"cond-expr","locations":[{"start":{"line":19,"column":37},"end":{"line":19,"column":46}},{"start":{"line":19,"column":49},"end":{"line":19,"column":61}}],"line":19}},"s":{"0":0,"1":0,"2":0,"3":0,"4":0,"5":0,"6":0},"f":{"0":0,"1":0,"2":0},"b":{"0":[0,0],"1":[0,0]}}
,"/Users/jojo/Desktop/TMA/client/src/pages/HomePage.jsx": {"path":"/Users/jojo/Desktop/TMA/client/src/pages/HomePage.jsx","statementMap":{"0":{"start":{"line":8,"column":17},"end":{"line":137,"column":1}},"1":{"start":{"line":9,"column":19},"end":{"line":9,"column":32}},"2":{"start":{"line":10,"column":22},"end":{"line":10,"column":38}},"3":{"start":{"line":17,"column":6},"end":{"line":21,"column":4}},"4":{"start":{"line":24,"column":29},"end":{"line":29,"column":4}},"5":{"start":{"line":27,"column":6},"end":{"line":27,"column":47}},"6":{"start":{"line":31,"column":29},"end":{"line":36,"column":4}},"7":{"start":{"line":34,"column":6},"end":{"line":34,"column":47}},"8":{"start":{"line":38,"column":26},"end":{"line":43,"column":4}},"9":{"start":{"line":41,"column":6},"end":{"line":41,"column":47}},"10":{"start":{"line":45,"column":25},"end":{"line":50,"column":3}},"11":{"start":{"line":46,"column":25},"end":{"line":46,"column":65}},"12":{"start":{"line":46,"column":46},"end":{"line":46,"column":64}},"13":{"start":{"line":47,"column":4},"end":{"line":49,"column":7}},"14":{"start":{"line":52,"column":27},"end":{"line":54,"column":3}},"15":{"start":{"line":53,"column":4},"end":{"line":53,"column":34}},"16":{"start":{"line":56,"column":27},"end":{"line":58,"column":3}},"17":{"start":{"line":57,"column":4},"end":{"line":57,"column":50}},"18":{"start":{"line":60,"column":22},"end":{"line":62,"column":3}},"19":{"start":{"line":61,"column":4},"end":{"line":61,"column":36}},"20":{"start":{"line":64,"column":2},"end":{"line":80,"column":3}},"21":{"start":{"line":65,"column":4},"end":{"line":79,"column":6}},"22":{"start":{"line":82,"column":2},"end":{"line":100,"column":3}},"23":{"start":{"line":83,"column":4},"end":{"line":99,"column":6}},"24":{"start":{"line":102,"column":2},"end":{"line":136,"column":4}}},"fnMap":{"0":{"name":"(anonymous_0)","decl":{"start":{"line":8,"column":17},"end":{"line":8,"column":18}},"loc":{"start":{"line":8,"column":23},"end":{"line":137,"column":1}},"line":8},"1":{"name":"(anonymous_1)","decl":{"start":{"line":26,"column":15},"end":{"line":26,"column":16}},"loc":{"start":{"line":26,"column":21},"end":{"line":28,"column":5}},"line":26},"2":{"name":"(anonymous_2)","decl":{"start":{"line":33,"column":15},"end":{"line":33,"column":16}},"loc":{"start":{"line":33,"column":21},"end":{"line":35,"column":5}},"line":33},"3":{"name":"(anonymous_3)","decl":{"start":{"line":40,"column":15},"end":{"line":40,"column":16}},"loc":{"start":{"line":40,"column":21},"end":{"line":42,"column":5}},"line":40},"4":{"name":"(anonymous_4)","decl":{"start":{"line":45,"column":25},"end":{"line":45,"column":26}},"loc":{"start":{"line":45,"column":37},"end":{"line":50,"column":3}},"line":45},"5":{"name":"(anonymous_5)","decl":{"start":{"line":46,"column":36},"end":{"line":46,"column":37}},"loc":{"start":{"line":46,"column":46},"end":{"line":46,"column":64}},"line":46},"6":{"name":"(anonymous_6)","decl":{"start":{"line":52,"column":27},"end":{"line":52,"column":28}},"loc":{"start":{"line":52,"column":35},"end":{"line":54,"column":3}},"line":52},"7":{"name":"(anonymous_7)","decl":{"start":{"line":56,"column":27},"end":{"line":56,"column":28}},"loc":{"start":{"line":56,"column":44},"end":{"line":58,"column":3}},"line":56},"8":{"name":"(anonymous_8)","decl":{"start":{"line":60,"column":22},"end":{"line":60,"column":23}},"loc":{"start":{"line":60,"column":35},"end":{"line":62,"column":3}},"line":60}},"branchMap":{"0":{"loc":{"start":{"line":14,"column":10},"end":{"line":14,"column":20}},"type":"default-arg","locations":[{"start":{"line":14,"column":18},"end":{"line":14,"column":20}}],"line":14},"1":{"loc":{"start":{"line":64,"column":2},"end":{"line":80,"column":3}},"type":"if","locations":[{"start":{"line":64,"column":2},"end":{"line":80,"column":3}},{"start":{},"end":{}}],"line":64},"2":{"loc":{"start":{"line":82,"column":2},"end":{"line":100,"column":3}},"type":"if","locations":[{"start":{"line":82,"column":2},"end":{"line":100,"column":3}},{"start":{},"end":{}}],"line":82}},"s":{"0":0,"1":0,"2":0,"3":0,"4":0,"5":0,"6":0,"7":0,"8":0,"9":0,"10":0,"11":0,"12":0,"13":0,"14":0,"15":0,"16":0,"17":0,"18":0,"19":0,"20":0,"21":0,"22":0,"23":0,"24":0},"f":{"0":0,"1":0,"2":0,"3":0,"4":0,"5":0,"6":0,"7":0,"8":0},"b":{"0":[0],"1":[0,0],"2":[0,0]}}
,"/Users/jojo/Desktop/TMA/client/src/pages/TeamPlayerPage.jsx": {"path":"/Users/jojo/Desktop/TMA/client/src/pages/TeamPlayerPage.jsx","statementMap":{"0":{"start":{"line":16,"column":24},"end":{"line":206,"column":1}},"1":{"start":{"line":17,"column":21},"end":{"line":17,"column":32}},"2":{"start":{"line":18,"column":19},"end":{"line":18,"column":32}},"3":{"start":{"line":19,"column":22},"end":{"line":19,"column":38}},"4":{"start":{"line":20,"column":19},"end":{"line":20,"column":32}},"5":{"start":{"line":22,"column":19},"end":{"line":22,"column":61}},"6":{"start":{"line":29,"column":6},"end":{"line":33,"column":4}},"7":{"start":{"line":31,"column":19},"end":{"line":31,"column":39}},"8":{"start":{"line":36,"column":28},"end":{"line":41,"column":4}},"9":{"start":{"line":37,"column":31},"end":{"line":37,"column":59}},"10":{"start":{"line":39,"column":6},"end":{"line":39,"column":61}},"11":{"start":{"line":44,"column":31},"end":{"line":50,"column":4}},"12":{"start":{"line":46,"column":6},"end":{"line":46,"column":47}},"13":{"start":{"line":48,"column":6},"end":{"line":48,"column":61}},"14":{"start":{"line":53,"column":31},"end":{"line":58,"column":4}},"15":{"start":{"line":54,"column":30},"end":{"line":54,"column":52}},"16":{"start":{"line":56,"column":6},"end":{"line":56,"column":61}},"17":{"start":{"line":60,"column":26},"end":{"line":62,"column":3}},"18":{"start":{"line":61,"column":4},"end":{"line":61,"column":40}},"19":{"start":{"line":64,"column":40},"end":{"line":64,"column":55}},"20":{"start":{"line":65,"column":46},"end":{"line":65,"column":60}},"21":{"start":{"line":66,"column":34},"end":{"line":66,"column":49}},"22":{"start":{"line":67,"column":42},"end":{"line":72,"column":4}},"23":{"start":{"line":74,"column":2},"end":{"line":74,"column":28}},"24":{"start":{"line":76,"column":28},"end":{"line":79,"column":3}},"25":{"start":{"line":77,"column":4},"end":{"line":77,"column":32}},"26":{"start":{"line":78,"column":4},"end":{"line":78,"column":25}},"27":{"start":{"line":81,"column":29},"end":{"line":84,"column":3}},"28":{"start":{"line":82,"column":4},"end":{"line":82,"column":26}},"29":{"start":{"line":83,"column":4},"end":{"line":83,"column":28}},"30":{"start":{"line":86,"column":30},"end":{"line":89,"column":3}},"31":{"start":{"line":87,"column":4},"end":{"line":87,"column":53}},"32":{"start":{"line":88,"column":4},"end":{"line":88,"column":25}},"33":{"start":{"line":91,"column":25},"end":{"line":94,"column":3}},"34":{"start":{"line":92,"column":4},"end":{"line":92,"column":28}},"35":{"start":{"line":93,"column":4},"end":{"line":93,"column":22}},"36":{"start":{"line":96,"column":26},"end":{"line":99,"column":3}},"37":{"start":{"line":97,"column":4},"end":{"line":97,"column":23}},"38":{"start":{"line":98,"column":4},"end":{"line":98,"column":68}},"39":{"start":{"line":101,"column":28},"end":{"line":104,"column":3}},"40":{"start":{"line":102,"column":4},"end":{"line":102,"column":72}},"41":{"start":{"line":103,"column":4},"end":{"line":103,"column":22}},"42":{"start":{"line":106,"column":2},"end":{"line":122,"column":3}},"43":{"start":{"line":107,"column":4},"end":{"line":121,"column":6}},"44":{"start":{"line":124,"column":2},"end":{"line":142,"column":3}},"45":{"start":{"line":125,"column":4},"end":{"line":141,"column":6}},"46":{"start":{"line":144,"column":2},"end":{"line":205,"column":4}},"47":{"start":{"line":186,"column":25},"end":{"line":186,"column":38}}},"fnMap":{"0":{"name":"(anonymous_0)","decl":{"start":{"line":16,"column":24},"end":{"line":16,"column":25}},"loc":{"start":{"line":16,"column":30},"end":{"line":206,"column":1}},"line":16},"1":{"name":"(anonymous_1)","decl":{"start":{"line":31,"column":13},"end":{"line":31,"column":14}},"loc":{"start":{"line":31,"column":19},"end":{"line":31,"column":39}},"line":31},"2":{"name":"(anonymous_2)","decl":{"start":{"line":37,"column":16},"end":{"line":37,"column":17}},"loc":{"start":{"line":37,"column":31},"end":{"line":37,"column":59}},"line":37},"3":{"name":"(anonymous_3)","decl":{"start":{"line":38,"column":15},"end":{"line":38,"column":16}},"loc":{"start":{"line":38,"column":21},"end":{"line":40,"column":5}},"line":38},"4":{"name":"(anonymous_4)","decl":{"start":{"line":45,"column":16},"end":{"line":45,"column":17}},"loc":{"start":{"line":46,"column":6},"end":{"line":46,"column":47}},"line":46},"5":{"name":"(anonymous_5)","decl":{"start":{"line":47,"column":15},"end":{"line":47,"column":16}},"loc":{"start":{"line":47,"column":21},"end":{"line":49,"column":5}},"line":47},"6":{"name":"(anonymous_6)","decl":{"start":{"line":54,"column":16},"end":{"line":54,"column":17}},"loc":{"start":{"line":54,"column":30},"end":{"line":54,"column":52}},"line":54},"7":{"name":"(anonymous_7)","decl":{"start":{"line":55,"column":15},"end":{"line":55,"column":16}},"loc":{"start":{"line":55,"column":21},"end":{"line":57,"column":5}},"line":55},"8":{"name":"(anonymous_8)","decl":{"start":{"line":60,"column":26},"end":{"line":60,"column":27}},"loc":{"start":{"line":60,"column":41},"end":{"line":62,"column":3}},"line":60},"9":{"name":"(anonymous_9)","decl":{"start":{"line":76,"column":28},"end":{"line":76,"column":29}},"loc":{"start":{"line":76,"column":42},"end":{"line":79,"column":3}},"line":76},"10":{"name":"(anonymous_10)","decl":{"start":{"line":81,"column":29},"end":{"line":81,"column":30}},"loc":{"start":{"line":81,"column":35},"end":{"line":84,"column":3}},"line":81},"11":{"name":"(anonymous_11)","decl":{"start":{"line":86,"column":30},"end":{"line":86,"column":31}},"loc":{"start":{"line":86,"column":50},"end":{"line":89,"column":3}},"line":86},"12":{"name":"(anonymous_12)","decl":{"start":{"line":91,"column":25},"end":{"line":91,"column":26}},"loc":{"start":{"line":91,"column":37},"end":{"line":94,"column":3}},"line":91},"13":{"name":"(anonymous_13)","decl":{"start":{"line":96,"column":26},"end":{"line":96,"column":27}},"loc":{"start":{"line":96,"column":32},"end":{"line":99,"column":3}},"line":96},"14":{"name":"(anonymous_14)","decl":{"start":{"line":101,"column":28},"end":{"line":101,"column":29}},"loc":{"start":{"line":101,"column":63},"end":{"line":104,"column":3}},"line":101},"15":{"name":"(anonymous_15)","decl":{"start":{"line":186,"column":19},"end":{"line":186,"column":20}},"loc":{"start":{"line":186,"column":25},"end":{"line":186,"column":38}},"line":186}},"branchMap":{"0":{"loc":{"start":{"line":22,"column":19},"end":{"line":22,"column":61}},"type":"binary-expr","locations":[{"start":{"line":22,"column":19},"end":{"line":22,"column":43}},{"start":{"line":22,"column":47},"end":{"line":22,"column":61}}],"line":22},"1":{"loc":{"start":{"line":26,"column":10},"end":{"line":26,"column":22}},"type":"default-arg","locations":[{"start":{"line":26,"column":20},"end":{"line":26,"column":22}}],"line":26},"2":{"loc":{"start":{"line":106,"column":2},"end":{"line":122,"column":3}},"type":"if","locations":[{"start":{"line":106,"column":2},"end":{"line":122,"column":3}},{"start":{},"end":{}}],"line":106},"3":{"loc":{"start":{"line":124,"column":2},"end":{"line":142,"column":3}},"type":"if","locations":[{"start":{"line":124,"column":2},"end":{"line":142,"column":3}},{"start":{},"end":{}}],"line":124}},"s":{"0":0,"1":0,"2":0,"3":0,"4":0,"5":0,"6":0,"7":0,"8":0,"9":0,"10":0,"11":0,"12":0,"13":0,"14":0,"15":0,"16":0,"17":0,"18":0,"19":0,"20":0,"21":0,"22":0,"23":0,"24":0,"25":0,"26":0,"27":0,"28":0,"29":0,"30":0,"31":0,"32":0,"33":0,"34":0,"35":0,"36":0,"37":0,"38":0,"39":0,"40":0,"41":0,"42":0,"43":0,"44":0,"45":0,"46":0,"47":0},"f":{"0":0,"1":0,"2":0,"3":0,"4":0,"5":0,"6":0,"7":0,"8":0,"9":0,"10":0,"11":0,"12":0,"13":0,"14":0,"15":0},"b":{"0":[0,0],"1":[0],"2":[0,0],"3":[0,0]}}
,"/Users/jojo/Desktop/TMA/client/src/routes/router.jsx": {"path":"/Users/jojo/Desktop/TMA/client/src/routes/router.jsx","statementMap":{"0":{"start":{"line":5,"column":15},"end":{"line":8,"column":2}}},"fnMap":{},"branchMap":{},"s":{"0":0},"f":{},"b":{}}
}
